mode: set
github.com/C0kke/FitFashion/ms_cart/internal/payments/mercado_pago_client.go:28.70,29.26 1 1
github.com/C0kke/FitFashion/ms_cart/internal/payments/mercado_pago_client.go:29.26,31.6 1 1
github.com/C0kke/FitFashion/ms_cart/internal/payments/mercado_pago_client.go:33.5,36.11 1 1
github.com/C0kke/FitFashion/ms_cart/internal/payments/mercado_pago_client.go:68.136,71.32 2 1
github.com/C0kke/FitFashion/ms_cart/internal/payments/mercado_pago_client.go:71.32,78.6 1 1
github.com/C0kke/FitFashion/ms_cart/internal/payments/mercado_pago_client.go:80.5,85.68 2 1
github.com/C0kke/FitFashion/ms_cart/internal/payments/mercado_pago_client.go:85.68,90.6 1 1
github.com/C0kke/FitFashion/ms_cart/internal/payments/mercado_pago_client.go:92.5,92.70 1 1
github.com/C0kke/FitFashion/ms_cart/internal/payments/mercado_pago_client.go:92.70,94.6 1 1
github.com/C0kke/FitFashion/ms_cart/internal/payments/mercado_pago_client.go:96.5,99.19 3 1
github.com/C0kke/FitFashion/ms_cart/internal/payments/mercado_pago_client.go:99.19,101.6 1 0
github.com/C0kke/FitFashion/ms_cart/internal/payments/mercado_pago_client.go:103.5,104.19 2 1
github.com/C0kke/FitFashion/ms_cart/internal/payments/mercado_pago_client.go:104.19,106.6 1 0
github.com/C0kke/FitFashion/ms_cart/internal/payments/mercado_pago_client.go:108.5,113.19 5 1
github.com/C0kke/FitFashion/ms_cart/internal/payments/mercado_pago_client.go:113.19,115.6 1 0
github.com/C0kke/FitFashion/ms_cart/internal/payments/mercado_pago_client.go:116.5,119.19 3 1
github.com/C0kke/FitFashion/ms_cart/internal/payments/mercado_pago_client.go:119.19,121.6 1 0
github.com/C0kke/FitFashion/ms_cart/internal/payments/mercado_pago_client.go:123.5,123.82 1 1
github.com/C0kke/FitFashion/ms_cart/internal/payments/mercado_pago_client.go:123.82,125.6 1 1
github.com/C0kke/FitFashion/ms_cart/internal/payments/mercado_pago_client.go:127.5,128.57 2 1
github.com/C0kke/FitFashion/ms_cart/internal/payments/mercado_pago_client.go:128.57,130.6 1 0
github.com/C0kke/FitFashion/ms_cart/internal/payments/mercado_pago_client.go:132.5,132.33 1 1
github.com/C0kke/FitFashion/ms_cart/internal/payments/mercado_pago_client.go:135.116,138.19 2 1
github.com/C0kke/FitFashion/ms_cart/internal/payments/mercado_pago_client.go:138.19,140.6 1 0
github.com/C0kke/FitFashion/ms_cart/internal/payments/mercado_pago_client.go:142.5,146.19 4 1
github.com/C0kke/FitFashion/ms_cart/internal/payments/mercado_pago_client.go:146.19,148.6 1 0
github.com/C0kke/FitFashion/ms_cart/internal/payments/mercado_pago_client.go:149.5,152.19 3 1
github.com/C0kke/FitFashion/ms_cart/internal/payments/mercado_pago_client.go:152.19,154.6 1 0
github.com/C0kke/FitFashion/ms_cart/internal/payments/mercado_pago_client.go:156.5,156.41 1 1
github.com/C0kke/FitFashion/ms_cart/internal/payments/mercado_pago_client.go:156.41,158.6 1 1
github.com/C0kke/FitFashion/ms_cart/internal/payments/mercado_pago_client.go:160.5,161.58 2 1
github.com/C0kke/FitFashion/ms_cart/internal/payments/mercado_pago_client.go:161.58,163.6 1 0
github.com/C0kke/FitFashion/ms_cart/internal/payments/mercado_pago_client.go:165.5,170.24 2 1
github.com/C0kke/FitFashion/ms_cart/internal/eventhandler/payment_listener.go:22.110,24.16 2 0
github.com/C0kke/FitFashion/ms_cart/internal/eventhandler/payment_listener.go:24.16,26.3 1 0
github.com/C0kke/FitFashion/ms_cart/internal/eventhandler/payment_listener.go:28.2,35.16 3 0
github.com/C0kke/FitFashion/ms_cart/internal/eventhandler/payment_listener.go:35.16,37.3 1 0
github.com/C0kke/FitFashion/ms_cart/internal/eventhandler/payment_listener.go:39.2,44.16 2 0
github.com/C0kke/FitFashion/ms_cart/internal/eventhandler/payment_listener.go:44.16,46.3 1 0
github.com/C0kke/FitFashion/ms_cart/internal/eventhandler/payment_listener.go:48.2,55.16 2 0
github.com/C0kke/FitFashion/ms_cart/internal/eventhandler/payment_listener.go:55.16,57.3 1 0
github.com/C0kke/FitFashion/ms_cart/internal/eventhandler/payment_listener.go:59.2,59.71 1 0
github.com/C0kke/FitFashion/ms_cart/internal/eventhandler/payment_listener.go:63.80,68.2 1 1
github.com/C0kke/FitFashion/ms_cart/internal/eventhandler/payment_listener.go:71.59,80.60 2 1
github.com/C0kke/FitFashion/ms_cart/internal/eventhandler/payment_listener.go:80.60,83.3 2 1
github.com/C0kke/FitFashion/ms_cart/internal/eventhandler/payment_listener.go:85.2,88.21 2 1
github.com/C0kke/FitFashion/ms_cart/internal/eventhandler/payment_listener.go:88.21,95.3 3 1
github.com/C0kke/FitFashion/ms_cart/internal/eventhandler/payment_listener.go:97.2,97.21 1 1
github.com/C0kke/FitFashion/ms_cart/internal/eventhandler/payment_listener.go:97.21,100.3 1 1
github.com/C0kke/FitFashion/ms_cart/internal/eventhandler/payment_listener.go:102.2,102.12 1 1
github.com/C0kke/FitFashion/ms_cart/internal/eventhandler/payment_listener.go:105.35,110.16 2 0
github.com/C0kke/FitFashion/ms_cart/internal/eventhandler/payment_listener.go:110.16,112.3 1 0
github.com/C0kke/FitFashion/ms_cart/internal/eventhandler/payment_listener.go:114.2,114.12 1 0
github.com/C0kke/FitFashion/ms_cart/internal/eventhandler/payment_listener.go:114.12,116.23 2 0
github.com/C0kke/FitFashion/ms_cart/internal/eventhandler/payment_listener.go:116.23,123.4 3 0
github.com/C0kke/FitFashion/ms_cart/internal/event/webhook_consumer.go:28.124,34.2 1 1
github.com/C0kke/FitFashion/ms_cart/internal/event/webhook_consumer.go:39.82,41.53 2 1
github.com/C0kke/FitFashion/ms_cart/internal/event/webhook_consumer.go:41.53,44.3 2 1
github.com/C0kke/FitFashion/ms_cart/internal/event/webhook_consumer.go:46.2,47.21 2 1
github.com/C0kke/FitFashion/ms_cart/internal/event/webhook_consumer.go:47.21,50.3 2 1
github.com/C0kke/FitFashion/ms_cart/internal/event/webhook_consumer.go:52.2,55.16 3 1
github.com/C0kke/FitFashion/ms_cart/internal/event/webhook_consumer.go:55.16,58.3 2 1
github.com/C0kke/FitFashion/ms_cart/internal/event/webhook_consumer.go:60.2,63.16 3 1
github.com/C0kke/FitFashion/ms_cart/internal/event/webhook_consumer.go:63.16,66.3 2 1
github.com/C0kke/FitFashion/ms_cart/internal/event/webhook_consumer.go:68.2,71.16 3 1
github.com/C0kke/FitFashion/ms_cart/internal/event/webhook_consumer.go:71.16,74.3 2 1
github.com/C0kke/FitFashion/ms_cart/internal/event/webhook_consumer.go:76.2,76.12 1 1
github.com/C0kke/FitFashion/ms_cart/internal/event/webhook_consumer.go:79.35,81.16 2 0
github.com/C0kke/FitFashion/ms_cart/internal/event/webhook_consumer.go:81.16,83.3 1 0
github.com/C0kke/FitFashion/ms_cart/internal/event/webhook_consumer.go:85.2,86.16 2 0
github.com/C0kke/FitFashion/ms_cart/internal/event/webhook_consumer.go:86.16,88.3 1 0
github.com/C0kke/FitFashion/ms_cart/internal/event/webhook_consumer.go:90.2,91.16 2 0
github.com/C0kke/FitFashion/ms_cart/internal/event/webhook_consumer.go:91.16,93.3 1 0
github.com/C0kke/FitFashion/ms_cart/internal/event/webhook_consumer.go:95.2,96.16 2 0
github.com/C0kke/FitFashion/ms_cart/internal/event/webhook_consumer.go:96.16,98.3 1 0
github.com/C0kke/FitFashion/ms_cart/internal/event/webhook_consumer.go:100.2,100.12 1 0
github.com/C0kke/FitFashion/ms_cart/internal/event/webhook_consumer.go:100.12,102.23 2 0
github.com/C0kke/FitFashion/ms_cart/internal/event/webhook_consumer.go:102.23,104.4 1 0
github.com/C0kke/FitFashion/ms_cart/internal/event/webhook_consumer.go:108.58,109.15 1 0
github.com/C0kke/FitFashion/ms_cart/internal/event/webhook_consumer.go:109.15,110.31 1 0
github.com/C0kke/FitFashion/ms_cart/internal/event/webhook_consumer.go:110.31,113.4 2 0
github.com/C0kke/FitFashion/ms_cart/internal/event/webhook_consumer.go:117.2,119.16 2 0
github.com/C0kke/FitFashion/ms_cart/internal/event/webhook_consumer.go:119.16,122.3 1 0
github.com/C0kke/FitFashion/ms_cart/internal/event/webhook_consumer.go:122.8,125.3 1 0
github.com/C0kke/FitFashion/ms_cart/internal/event/webhook_consumer.go:129.40,130.18 1 1
github.com/C0kke/FitFashion/ms_cart/internal/event/webhook_consumer.go:131.18,132.18 1 1
github.com/C0kke/FitFashion/ms_cart/internal/event/webhook_consumer.go:133.31,134.21 1 1
github.com/C0kke/FitFashion/ms_cart/internal/event/webhook_consumer.go:135.31,136.21 1 1
github.com/C0kke/FitFashion/ms_cart/internal/event/webhook_consumer.go:137.10,138.35 1 1
github.com/C0kke/FitFashion/ms_cart/internal/messaging/connection.go:11.25,13.18 2 0
github.com/C0kke/FitFashion/ms_cart/internal/messaging/connection.go:13.18,15.6 1 0
github.com/C0kke/FitFashion/ms_cart/internal/messaging/connection.go:17.5,18.19 2 0
github.com/C0kke/FitFashion/ms_cart/internal/messaging/connection.go:18.19,20.6 1 0
github.com/C0kke/FitFashion/ms_cart/internal/messaging/connection.go:22.5,23.49 2 0
github.com/C0kke/FitFashion/ms_cart/internal/messaging/publisher.go:31.71,33.2 1 1
github.com/C0kke/FitFashion/ms_cart/internal/messaging/publisher.go:35.61,37.2 1 0
github.com/C0kke/FitFashion/ms_cart/internal/messaging/publisher.go:39.44,41.2 1 0
github.com/C0kke/FitFashion/ms_cart/internal/messaging/publisher.go:47.63,51.2 1 1
github.com/C0kke/FitFashion/ms_cart/internal/messaging/publisher.go:54.69,58.2 1 1
github.com/C0kke/FitFashion/ms_cart/internal/messaging/publisher.go:60.94,63.16 2 1
github.com/C0kke/FitFashion/ms_cart/internal/messaging/publisher.go:63.16,65.3 1 1
github.com/C0kke/FitFashion/ms_cart/internal/messaging/publisher.go:66.2,77.16 3 1
github.com/C0kke/FitFashion/ms_cart/internal/messaging/publisher.go:77.16,79.3 1 1
github.com/C0kke/FitFashion/ms_cart/internal/messaging/publisher.go:81.2,100.16 4 1
github.com/C0kke/FitFashion/ms_cart/internal/messaging/publisher.go:100.16,102.3 1 1
github.com/C0kke/FitFashion/ms_cart/internal/messaging/publisher.go:102.8,104.6 1 1
github.com/C0kke/FitFashion/ms_cart/internal/messaging/publisher.go:106.2,106.12 1 1
github.com/C0kke/FitFashion/ms_cart/internal/repository/cart_repository.go:26.46,31.2 1 1
github.com/C0kke/FitFashion/ms_cart/internal/repository/cart_repository.go:35.39,37.2 1 1
github.com/C0kke/FitFashion/ms_cart/internal/repository/cart_repository.go:39.82,41.16 2 1
github.com/C0kke/FitFashion/ms_cart/internal/repository/cart_repository.go:41.16,43.3 1 0
github.com/C0kke/FitFashion/ms_cart/internal/repository/cart_repository.go:45.2,47.72 2 1
github.com/C0kke/FitFashion/ms_cart/internal/repository/cart_repository.go:50.102,53.22 2 1
github.com/C0kke/FitFashion/ms_cart/internal/repository/cart_repository.go:53.22,56.17 2 1
github.com/C0kke/FitFashion/ms_cart/internal/repository/cart_repository.go:56.17,58.10 1 0
github.com/C0kke/FitFashion/ms_cart/internal/repository/cart_repository.go:60.3,64.15 1 1
github.com/C0kke/FitFashion/ms_cart/internal/repository/cart_repository.go:66.2,66.16 1 1
github.com/C0kke/FitFashion/ms_cart/internal/repository/cart_repository.go:66.16,68.3 1 1
github.com/C0kke/FitFashion/ms_cart/internal/repository/cart_repository.go:70.2,72.18 3 1
github.com/C0kke/FitFashion/ms_cart/internal/repository/cart_repository.go:75.88,77.2 1 1
github.com/C0kke/FitFashion/ms_cart/internal/repository/order_repository.go:26.51,30.2 1 1
github.com/C0kke/FitFashion/ms_cart/internal/repository/order_repository.go:32.90,35.25 2 1
github.com/C0kke/FitFashion/ms_cart/internal/repository/order_repository.go:35.25,37.3 1 1
github.com/C0kke/FitFashion/ms_cart/internal/repository/order_repository.go:38.2,38.12 1 1
github.com/C0kke/FitFashion/ms_cart/internal/repository/order_repository.go:41.102,46.25 3 1
github.com/C0kke/FitFashion/ms_cart/internal/repository/order_repository.go:46.25,47.54 1 1
github.com/C0kke/FitFashion/ms_cart/internal/repository/order_repository.go:47.55,48.4 0 1
github.com/C0kke/FitFashion/ms_cart/internal/repository/order_repository.go:49.3,49.27 1 1
github.com/C0kke/FitFashion/ms_cart/internal/repository/order_repository.go:51.2,51.19 1 1
github.com/C0kke/FitFashion/ms_cart/internal/repository/order_repository.go:54.106,59.25 3 1
github.com/C0kke/FitFashion/ms_cart/internal/repository/order_repository.go:59.25,61.3 1 0
github.com/C0kke/FitFashion/ms_cart/internal/repository/order_repository.go:62.2,62.20 1 1
github.com/C0kke/FitFashion/ms_cart/internal/repository/order_repository.go:65.104,68.25 2 1
github.com/C0kke/FitFashion/ms_cart/internal/repository/order_repository.go:68.25,70.3 1 0
github.com/C0kke/FitFashion/ms_cart/internal/repository/order_repository.go:72.2,72.30 1 1
github.com/C0kke/FitFashion/ms_cart/internal/repository/order_repository.go:72.30,74.3 1 1
github.com/C0kke/FitFashion/ms_cart/internal/repository/order_repository.go:76.2,76.12 1 1
github.com/C0kke/FitFashion/ms_cart/internal/repository/order_repository.go:79.88,85.25 3 1
github.com/C0kke/FitFashion/ms_cart/internal/repository/order_repository.go:85.25,87.3 1 0
github.com/C0kke/FitFashion/ms_cart/internal/repository/order_repository.go:89.2,89.24 1 1
github.com/C0kke/FitFashion/ms_cart/internal/repository/order_repository.go:89.24,90.34 1 1
github.com/C0kke/FitFashion/ms_cart/internal/repository/order_repository.go:90.34,92.4 1 0
github.com/C0kke/FitFashion/ms_cart/internal/repository/order_repository.go:95.2,95.20 1 1
github.com/C0kke/FitFashion/ms_cart/internal/product/rpc_client.go:42.62,49.2 1 1
github.com/C0kke/FitFashion/ms_cart/internal/product/rpc_client.go:52.67,56.2 1 1
github.com/C0kke/FitFashion/ms_cart/internal/product/rpc_client.go:60.114,63.16 3 1
github.com/C0kke/FitFashion/ms_cart/internal/product/rpc_client.go:63.16,65.3 1 1
github.com/C0kke/FitFashion/ms_cart/internal/product/rpc_client.go:66.2,67.26 2 1
github.com/C0kke/FitFashion/ms_cart/internal/product/rpc_client.go:70.114,73.16 3 1
github.com/C0kke/FitFashion/ms_cart/internal/product/rpc_client.go:73.16,75.3 1 1
github.com/C0kke/FitFashion/ms_cart/internal/product/rpc_client.go:76.2,76.21 1 1
github.com/C0kke/FitFashion/ms_cart/internal/product/rpc_client.go:79.112,82.16 3 1
github.com/C0kke/FitFashion/ms_cart/internal/product/rpc_client.go:82.16,84.3 1 1
github.com/C0kke/FitFashion/ms_cart/internal/product/rpc_client.go:85.2,85.21 1 1
github.com/C0kke/FitFashion/ms_cart/internal/product/rpc_client.go:95.110,97.16 2 0
github.com/C0kke/FitFashion/ms_cart/internal/product/rpc_client.go:97.16,99.3 1 0
github.com/C0kke/FitFashion/ms_cart/internal/product/rpc_client.go:100.2,103.16 3 0
github.com/C0kke/FitFashion/ms_cart/internal/product/rpc_client.go:103.16,105.3 1 0
github.com/C0kke/FitFashion/ms_cart/internal/product/rpc_client.go:107.2,108.16 2 0
github.com/C0kke/FitFashion/ms_cart/internal/product/rpc_client.go:108.16,110.3 1 0
github.com/C0kke/FitFashion/ms_cart/internal/product/rpc_client.go:112.2,130.16 4 0
github.com/C0kke/FitFashion/ms_cart/internal/product/rpc_client.go:130.16,132.3 1 0
github.com/C0kke/FitFashion/ms_cart/internal/product/rpc_client.go:134.2,134.9 1 0
github.com/C0kke/FitFashion/ms_cart/internal/product/rpc_client.go:135.19,137.58 2 0
github.com/C0kke/FitFashion/ms_cart/internal/product/rpc_client.go:137.58,139.4 1 0
github.com/C0kke/FitFashion/ms_cart/internal/product/rpc_client.go:140.3,140.60 1 0
github.com/C0kke/FitFashion/ms_cart/internal/product/rpc_client.go:140.60,142.4 1 0
github.com/C0kke/FitFashion/ms_cart/internal/product/rpc_client.go:143.3,143.13 1 0
github.com/C0kke/FitFashion/ms_cart/internal/product/rpc_client.go:145.20,146.19 1 0
github.com/C0kke/FitFashion/ms_cart/internal/rpc/listener.go:49.139,51.16 2 0
github.com/C0kke/FitFashion/ms_cart/internal/rpc/listener.go:51.16,53.3 1 0
github.com/C0kke/FitFashion/ms_cart/internal/rpc/listener.go:54.2,55.16 2 0
github.com/C0kke/FitFashion/ms_cart/internal/rpc/listener.go:55.16,57.3 1 0
github.com/C0kke/FitFashion/ms_cart/internal/rpc/listener.go:58.2,63.8 1 0
github.com/C0kke/FitFashion/ms_cart/internal/rpc/listener.go:67.87,74.2 1 1
github.com/C0kke/FitFashion/ms_cart/internal/rpc/listener.go:76.37,78.16 2 0
github.com/C0kke/FitFashion/ms_cart/internal/rpc/listener.go:78.16,80.3 1 0
github.com/C0kke/FitFashion/ms_cart/internal/rpc/listener.go:82.2,83.12 2 0
github.com/C0kke/FitFashion/ms_cart/internal/rpc/listener.go:83.12,84.23 1 0
github.com/C0kke/FitFashion/ms_cart/internal/rpc/listener.go:84.23,86.4 1 0
github.com/C0kke/FitFashion/ms_cart/internal/rpc/listener.go:89.2,90.11 2 0
github.com/C0kke/FitFashion/ms_cart/internal/rpc/listener.go:93.51,94.15 1 0
github.com/C0kke/FitFashion/ms_cart/internal/rpc/listener.go:94.15,95.31 1 0
github.com/C0kke/FitFashion/ms_cart/internal/rpc/listener.go:95.31,98.4 2 0
github.com/C0kke/FitFashion/ms_cart/internal/rpc/listener.go:101.2,102.53 2 0
github.com/C0kke/FitFashion/ms_cart/internal/rpc/listener.go:102.53,106.3 3 0
github.com/C0kke/FitFashion/ms_cart/internal/rpc/listener.go:109.2,112.16 3 0
github.com/C0kke/FitFashion/ms_cart/internal/rpc/listener.go:112.16,115.3 2 0
github.com/C0kke/FitFashion/ms_cart/internal/rpc/listener.go:117.2,123.21 3 0
github.com/C0kke/FitFashion/ms_cart/internal/rpc/listener.go:123.21,135.17 2 0
github.com/C0kke/FitFashion/ms_cart/internal/rpc/listener.go:135.17,137.4 1 0
github.com/C0kke/FitFashion/ms_cart/internal/rpc/listener.go:140.2,140.14 1 0
github.com/C0kke/FitFashion/ms_cart/internal/rpc/listener.go:144.115,148.52 3 1
github.com/C0kke/FitFashion/ms_cart/internal/rpc/listener.go:148.52,149.36 1 1
github.com/C0kke/FitFashion/ms_cart/internal/rpc/listener.go:149.36,150.26 1 1
github.com/C0kke/FitFashion/ms_cart/internal/rpc/listener.go:151.16,152.15 1 1
github.com/C0kke/FitFashion/ms_cart/internal/rpc/listener.go:153.17,154.48 1 0
github.com/C0kke/FitFashion/ms_cart/internal/rpc/listener.go:155.12,156.65 1 0
github.com/C0kke/FitFashion/ms_cart/internal/rpc/listener.go:161.2,163.17 2 1
github.com/C0kke/FitFashion/ms_cart/internal/rpc/listener.go:164.30,169.56 2 1
github.com/C0kke/FitFashion/ms_cart/internal/rpc/listener.go:169.56,172.4 2 1
github.com/C0kke/FitFashion/ms_cart/internal/rpc/listener.go:173.3,173.94 1 1
github.com/C0kke/FitFashion/ms_cart/internal/rpc/listener.go:175.26,176.50 1 1
github.com/C0kke/FitFashion/ms_cart/internal/rpc/listener.go:178.26,183.56 2 1
github.com/C0kke/FitFashion/ms_cart/internal/rpc/listener.go:183.56,185.4 1 1
github.com/C0kke/FitFashion/ms_cart/internal/rpc/listener.go:186.3,186.77 1 1
github.com/C0kke/FitFashion/ms_cart/internal/rpc/listener.go:188.25,190.17 2 1
github.com/C0kke/FitFashion/ms_cart/internal/rpc/listener.go:190.17,192.4 1 1
github.com/C0kke/FitFashion/ms_cart/internal/rpc/listener.go:193.3,195.55 2 1
github.com/C0kke/FitFashion/ms_cart/internal/rpc/listener.go:197.31,201.56 2 1
github.com/C0kke/FitFashion/ms_cart/internal/rpc/listener.go:201.56,203.4 1 1
github.com/C0kke/FitFashion/ms_cart/internal/rpc/listener.go:204.3,204.70 1 1
github.com/C0kke/FitFashion/ms_cart/internal/rpc/listener.go:206.24,207.42 1 1
github.com/C0kke/FitFashion/ms_cart/internal/rpc/listener.go:209.10,210.67 1 1
github.com/C0kke/FitFashion/ms_cart/internal/service/cart_service.go:20.105,25.2 1 1
github.com/C0kke/FitFashion/ms_cart/internal/service/cart_service.go:27.138,31.16 3 1
github.com/C0kke/FitFashion/ms_cart/internal/service/cart_service.go:31.16,33.3 1 0
github.com/C0kke/FitFashion/ms_cart/internal/service/cart_service.go:35.2,39.34 4 1
github.com/C0kke/FitFashion/ms_cart/internal/service/cart_service.go:39.34,40.34 1 1
github.com/C0kke/FitFashion/ms_cart/internal/service/cart_service.go:40.34,43.9 3 1
github.com/C0kke/FitFashion/ms_cart/internal/service/cart_service.go:46.5,49.39 3 1
github.com/C0kke/FitFashion/ms_cart/internal/service/cart_service.go:49.39,51.3 1 1
github.com/C0kke/FitFashion/ms_cart/internal/service/cart_service.go:52.2,53.48 2 1
github.com/C0kke/FitFashion/ms_cart/internal/service/cart_service.go:53.48,55.3 1 0
github.com/C0kke/FitFashion/ms_cart/internal/service/cart_service.go:57.2,57.24 1 1
github.com/C0kke/FitFashion/ms_cart/internal/service/cart_service.go:57.24,67.20 4 1
github.com/C0kke/FitFashion/ms_cart/internal/service/cart_service.go:67.20,70.4 2 0
github.com/C0kke/FitFashion/ms_cart/internal/service/cart_service.go:72.3,72.30 1 1
github.com/C0kke/FitFashion/ms_cart/internal/service/cart_service.go:72.30,74.4 1 1
github.com/C0kke/FitFashion/ms_cart/internal/service/cart_service.go:77.5,80.34 3 1
github.com/C0kke/FitFashion/ms_cart/internal/service/cart_service.go:80.34,81.34 1 1
github.com/C0kke/FitFashion/ms_cart/internal/service/cart_service.go:81.34,82.26 1 1
github.com/C0kke/FitFashion/ms_cart/internal/service/cart_service.go:82.26,86.5 3 0
github.com/C0kke/FitFashion/ms_cart/internal/service/cart_service.go:86.10,88.5 1 1
github.com/C0kke/FitFashion/ms_cart/internal/service/cart_service.go:89.9,91.4 1 0
github.com/C0kke/FitFashion/ms_cart/internal/service/cart_service.go:93.5,93.39 1 1
github.com/C0kke/FitFashion/ms_cart/internal/service/cart_service.go:93.39,98.3 1 1
github.com/C0kke/FitFashion/ms_cart/internal/service/cart_service.go:100.2,102.26 2 1
github.com/C0kke/FitFashion/ms_cart/internal/service/cart_service.go:102.26,104.3 1 1
github.com/C0kke/FitFashion/ms_cart/internal/service/cart_service.go:104.8,106.3 1 1
github.com/C0kke/FitFashion/ms_cart/internal/service/cart_service.go:108.2,108.16 1 1
github.com/C0kke/FitFashion/ms_cart/internal/service/cart_service.go:108.16,110.3 1 0
github.com/C0kke/FitFashion/ms_cart/internal/service/cart_service.go:112.2,113.18 2 1
github.com/C0kke/FitFashion/ms_cart/internal/service/cart_service.go:116.97,118.2 1 1
github.com/C0kke/FitFashion/ms_cart/internal/service/cart_service.go:120.117,122.16 2 1
github.com/C0kke/FitFashion/ms_cart/internal/service/cart_service.go:122.16,124.3 1 0
github.com/C0kke/FitFashion/ms_cart/internal/service/cart_service.go:125.2,126.26 2 1
github.com/C0kke/FitFashion/ms_cart/internal/service/cart_service.go:126.26,134.6 3 1
github.com/C0kke/FitFashion/ms_cart/internal/service/cart_service.go:135.2,137.34 3 1
github.com/C0kke/FitFashion/ms_cart/internal/service/cart_service.go:137.34,142.3 1 1
github.com/C0kke/FitFashion/ms_cart/internal/service/cart_service.go:143.2,145.16 3 1
github.com/C0kke/FitFashion/ms_cart/internal/service/cart_service.go:145.16,147.3 1 0
github.com/C0kke/FitFashion/ms_cart/internal/service/cart_service.go:148.2,150.25 3 1
github.com/C0kke/FitFashion/ms_cart/internal/service/cart_service.go:153.118,155.16 2 1
github.com/C0kke/FitFashion/ms_cart/internal/service/cart_service.go:155.16,157.3 1 0
github.com/C0kke/FitFashion/ms_cart/internal/service/cart_service.go:159.2,160.34 2 1
github.com/C0kke/FitFashion/ms_cart/internal/service/cart_service.go:160.34,161.34 1 1
github.com/C0kke/FitFashion/ms_cart/internal/service/cart_service.go:161.34,163.4 1 1
github.com/C0kke/FitFashion/ms_cart/internal/service/cart_service.go:165.2,167.29 2 1
github.com/C0kke/FitFashion/ms_cart/internal/service/cart_service.go:167.29,169.6 1 0
github.com/C0kke/FitFashion/ms_cart/internal/service/cart_service.go:169.11,171.6 1 1
github.com/C0kke/FitFashion/ms_cart/internal/service/cart_service.go:173.2,173.16 1 1
github.com/C0kke/FitFashion/ms_cart/internal/service/cart_service.go:173.16,175.3 1 0
github.com/C0kke/FitFashion/ms_cart/internal/service/cart_service.go:177.2,177.18 1 1
github.com/C0kke/FitFashion/ms_cart/internal/service/cart_service.go:180.83,182.16 2 1
github.com/C0kke/FitFashion/ms_cart/internal/service/cart_service.go:182.16,184.3 1 0
github.com/C0kke/FitFashion/ms_cart/internal/service/cart_service.go:185.2,185.12 1 1
github.com/C0kke/FitFashion/ms_cart/internal/service/order_service.go:33.227,42.2 1 1
github.com/C0kke/FitFashion/ms_cart/internal/service/order_service.go:44.133,46.16 2 1
github.com/C0kke/FitFashion/ms_cart/internal/service/order_service.go:46.16,46.78 1 0
github.com/C0kke/FitFashion/ms_cart/internal/service/order_service.go:47.5,47.29 1 1
github.com/C0kke/FitFashion/ms_cart/internal/service/order_service.go:47.29,47.82 1 0
github.com/C0kke/FitFashion/ms_cart/internal/service/order_service.go:49.5,52.19 3 1
github.com/C0kke/FitFashion/ms_cart/internal/service/order_service.go:52.19,52.79 1 0
github.com/C0kke/FitFashion/ms_cart/internal/service/order_service.go:54.5,55.19 2 1
github.com/C0kke/FitFashion/ms_cart/internal/service/order_service.go:55.19,55.85 1 0
github.com/C0kke/FitFashion/ms_cart/internal/service/order_service.go:57.5,58.19 2 1
github.com/C0kke/FitFashion/ms_cart/internal/service/order_service.go:58.19,58.96 1 0
github.com/C0kke/FitFashion/ms_cart/internal/service/order_service.go:60.5,71.19 4 1
github.com/C0kke/FitFashion/ms_cart/internal/service/order_service.go:71.19,73.6 1 0
github.com/C0kke/FitFashion/ms_cart/internal/service/order_service.go:75.5,75.15 1 1
github.com/C0kke/FitFashion/ms_cart/internal/service/order_service.go:75.15,77.92 2 1
github.com/C0kke/FitFashion/ms_cart/internal/service/order_service.go:77.92,79.10 1 0
github.com/C0kke/FitFashion/ms_cart/internal/service/order_service.go:82.2,86.11 1 1
github.com/C0kke/FitFashion/ms_cart/internal/service/order_service.go:89.119,91.41 2 1
github.com/C0kke/FitFashion/ms_cart/internal/service/order_service.go:91.41,96.6 1 1
github.com/C0kke/FitFashion/ms_cart/internal/service/order_service.go:98.5,99.19 2 1
github.com/C0kke/FitFashion/ms_cart/internal/service/order_service.go:99.19,101.6 1 0
github.com/C0kke/FitFashion/ms_cart/internal/service/order_service.go:103.5,104.52 2 1
github.com/C0kke/FitFashion/ms_cart/internal/service/order_service.go:104.52,111.6 1 1
github.com/C0kke/FitFashion/ms_cart/internal/service/order_service.go:113.5,113.58 1 1
github.com/C0kke/FitFashion/ms_cart/internal/service/order_service.go:116.96,118.2 1 1
github.com/C0kke/FitFashion/ms_cart/internal/service/order_service.go:120.94,123.19 2 1
github.com/C0kke/FitFashion/ms_cart/internal/service/order_service.go:123.19,125.6 1 1
github.com/C0kke/FitFashion/ms_cart/internal/service/order_service.go:127.2,129.19 3 1
github.com/C0kke/FitFashion/ms_cart/internal/service/order_service.go:129.19,131.6 1 0
github.com/C0kke/FitFashion/ms_cart/internal/service/order_service.go:133.5,135.41 2 1
github.com/C0kke/FitFashion/ms_cart/internal/service/order_service.go:135.41,136.88 1 1
github.com/C0kke/FitFashion/ms_cart/internal/service/order_service.go:136.88,138.10 1 0
github.com/C0kke/FitFashion/ms_cart/internal/service/order_service.go:140.9,141.23 2 1
github.com/C0kke/FitFashion/ms_cart/internal/service/order_service.go:141.23,144.10 2 0
github.com/C0kke/FitFashion/ms_cart/internal/service/order_service.go:146.9,147.47 2 1
github.com/C0kke/FitFashion/ms_cart/internal/service/order_service.go:147.47,152.10 1 1
github.com/C0kke/FitFashion/ms_cart/internal/service/order_service.go:154.9,155.26 2 1
github.com/C0kke/FitFashion/ms_cart/internal/service/order_service.go:155.26,159.10 3 0
github.com/C0kke/FitFashion/ms_cart/internal/service/order_service.go:161.9,161.108 1 1
github.com/C0kke/FitFashion/ms_cart/internal/service/order_service.go:161.108,163.4 1 0
github.com/C0kke/FitFashion/ms_cart/internal/service/order_service.go:165.9,165.86 1 1
github.com/C0kke/FitFashion/ms_cart/internal/service/order_service.go:165.86,167.4 1 0
github.com/C0kke/FitFashion/ms_cart/internal/service/order_service.go:169.11,169.51 1 1
github.com/C0kke/FitFashion/ms_cart/internal/service/order_service.go:169.51,171.6 1 1
github.com/C0kke/FitFashion/ms_cart/internal/service/order_service.go:173.2,173.12 1 1
github.com/C0kke/FitFashion/ms_cart/internal/service/order_service.go:176.82,178.2 1 1
github.com/C0kke/FitFashion/ms_cart/internal/service/order_service.go:180.93,182.2 1 1
github.com/C0kke/FitFashion/ms_cart/internal/service/order_service.go:184.82,185.19 1 1
github.com/C0kke/FitFashion/ms_cart/internal/service/order_service.go:185.19,187.6 1 0
github.com/C0kke/FitFashion/ms_cart/internal/service/order_service.go:189.5,191.54 2 1
github.com/C0kke/FitFashion/ms_cart/cmd/main.go:18.13,20.16 2 0
github.com/C0kke/FitFashion/ms_cart/cmd/main.go:20.16,22.3 1 0
github.com/C0kke/FitFashion/ms_cart/cmd/main.go:24.5,25.16 2 0
github.com/C0kke/FitFashion/ms_cart/cmd/main.go:25.16,27.3 1 0
github.com/C0kke/FitFashion/ms_cart/cmd/main.go:29.2,29.37 1 0
github.com/C0kke/FitFashion/ms_cart/cmd/main.go:29.37,31.3 1 0
github.com/C0kke/FitFashion/ms_cart/cmd/main.go:32.2,32.41 1 0
github.com/C0kke/FitFashion/ms_cart/cmd/main.go:32.41,34.3 1 0
github.com/C0kke/FitFashion/ms_cart/cmd/main.go:36.2,41.23 5 0
github.com/C0kke/FitFashion/ms_cart/cmd/main.go:41.23,43.3 1 0
github.com/C0kke/FitFashion/ms_cart/cmd/main.go:45.2,48.28 3 0
github.com/C0kke/FitFashion/ms_cart/cmd/main.go:48.28,50.6 1 0
github.com/C0kke/FitFashion/ms_cart/cmd/main.go:52.5,53.19 2 0
github.com/C0kke/FitFashion/ms_cart/cmd/main.go:53.19,55.6 1 0
github.com/C0kke/FitFashion/ms_cart/cmd/main.go:57.2,65.19 7 0
github.com/C0kke/FitFashion/ms_cart/cmd/main.go:65.19,67.6 1 0
github.com/C0kke/FitFashion/ms_cart/cmd/main.go:68.2,72.19 4 0
github.com/C0kke/FitFashion/ms_cart/cmd/main.go:72.19,74.6 1 0
github.com/C0kke/FitFashion/ms_cart/cmd/main.go:76.2,77.30 2 0
github.com/C0kke/FitFashion/ms_cart/pkg/database/postgres.go:16.25,29.16 3 0
github.com/C0kke/FitFashion/ms_cart/pkg/database/postgres.go:29.16,31.3 1 0
github.com/C0kke/FitFashion/ms_cart/pkg/database/postgres.go:33.2,36.16 3 0
github.com/C0kke/FitFashion/ms_cart/pkg/database/postgres.go:36.16,38.3 1 0
github.com/C0kke/FitFashion/ms_cart/pkg/database/postgres.go:39.2,41.9 2 0
github.com/C0kke/FitFashion/ms_cart/pkg/database/redis.go:15.22,21.40 5 0
github.com/C0kke/FitFashion/ms_cart/pkg/database/redis.go:21.40,23.3 1 0
github.com/C0kke/FitFashion/ms_cart/pkg/database/redis.go:25.2,32.16 3 0
github.com/C0kke/FitFashion/ms_cart/pkg/database/redis.go:32.16,34.3 1 0
github.com/C0kke/FitFashion/ms_cart/pkg/database/redis.go:36.2,36.42 1 0
